<?xml version="1.0" encoding="UTF-8"?>
<!-- Generated by org.testng.reporters.JUnitReportReporter -->
<testsuite hostname="LIN24009967" failures="0" tests="1" name="testCases.TC003_InvalidLogin" time="4.112" errors="0" timestamp="2024-07-30T16:18:44 IST" skipped="0">
  <testcase classname="testCases.TC003_InvalidLogin" name="testInvalidLogin" time="4.112"/>
</testsuite> <!-- testCases.TC003_InvalidLogin -->
