<?xml version="1.0" encoding="UTF-8"?>
<!-- Generated by org.testng.reporters.JUnitReportReporter -->
<testsuite hostname="LIN24009967" failures="0" tests="6" name="testCases.TC002_003_LoginDataDriven" time="65.575" errors="0" timestamp="2024-07-31T12:24:35 IST" skipped="0">
  <testcase classname="testCases.TC002_003_LoginDataDriven" name="testLoginValidUser" time="12.010"/>
  <testcase classname="testCases.TC002_003_LoginDataDriven" name="testLoginValidUser" time="13.075"/>
  <testcase classname="testCases.TC002_003_LoginDataDriven" name="testLoginValidUser" time="11.553"/>
  <testcase classname="testCases.TC002_003_LoginDataDriven" name="testLoginValidUser" time="6.638"/>
  <testcase classname="testCases.TC002_003_LoginDataDriven" name="testLoginValidUser" time="7.396"/>
  <testcase classname="testCases.TC002_003_LoginDataDriven" name="testLoginValidUser" time="14.903"/>
</testsuite> <!-- testCases.TC002_003_LoginDataDriven -->
