<?xml version="1.0" encoding="UTF-8"?>
<!-- Generated by org.testng.reporters.JUnitReportReporter -->
<testsuite hostname="LIN24009967" failures="0" tests="1" name="testCases.TC004_LogoutUserTest" time="6.676" errors="0" timestamp="2024-07-31T12:38:34 IST" skipped="0">
  <testcase classname="testCases.TC004_LogoutUserTest" name="testLogoutUser" time="6.676"/>
</testsuite> <!-- testCases.TC004_LogoutUserTest -->
