<?xml version="1.0" encoding="UTF-8"?>
<!-- Generated by org.testng.reporters.JUnitReportReporter -->
<testsuite hostname="LIN24009967" failures="0" tests="1" name="testCases.TC007_Verfiy_TC_Page" time="3.032" errors="0" timestamp="2024-07-31T12:38:34 IST" skipped="0">
  <testcase classname="testCases.TC007_Verfiy_TC_Page" name="verifyTestCasesPage" time="3.032"/>
</testsuite> <!-- testCases.TC007_Verfiy_TC_Page -->
