<?xml version="1.0" encoding="UTF-8"?>
<!-- Generated by org.testng.reporters.JUnitReportReporter -->
<testsuite hostname="LIN24009967" failures="0" tests="1" name="testCases.TC005_ExistingUserSignupTest" time="1.483" errors="0" timestamp="2024-07-30T16:18:44 IST" skipped="0">
  <testcase classname="testCases.TC005_ExistingUserSignupTest" name="verifyUserAlreadyExists" time="1.483"/>
</testsuite> <!-- testCases.TC005_ExistingUserSignupTest -->
