<?xml version="1.0" encoding="UTF-8"?>
<!-- Generated by org.testng.reporters.JUnitReportReporter -->
<testsuite hostname="LIN24009967" failures="0" tests="1" name="testCases.TC001_RegisterUser" time="1.587" errors="0" timestamp="2024-07-17T20:09:04 IST" skipped="0">
  <testcase classname="testCases.TC001_RegisterUser" name="TC001_User_Registration" time="1.587"/>
</testsuite> <!-- testCases.TC001_RegisterUser -->
